2025-06-17 21:47:22,306 - __main__ - INFO - Using database URL: postgresql+pg8000://postgres:fizril2001@localhost:5432/api_management
2025-06-17 21:47:22,412 - __main__ - INFO - Successfully connected to database
2025-06-17 21:47:22,412 - __main__ - INFO - Looking for alembic.ini at: C:\Users\user\Desktop\FYP Proto9\venv-fastapi\alembic.ini
2025-06-17 21:47:22,414 - __main__ - INFO - Starting migrations...
2025-06-17 21:47:22,414 - __main__ - INFO - Running discovered_endpoints table migration...
2025-06-17 21:48:29,967 - __main__ - INFO - Using database URL: postgresql+pg8000://postgres:fizril2001@localhost:5432/api_management
2025-06-17 21:48:30,195 - __main__ - INFO - Successfully connected to database
2025-06-17 21:48:30,195 - __main__ - INFO - Looking for alembic.ini at: C:\Users\user\Desktop\FYP Proto9\venv-fastapi\alembic.ini
2025-06-17 21:48:30,196 - __main__ - INFO - Starting migrations...
2025-06-17 21:48:30,196 - __main__ - INFO - Running discovered_endpoints table migration...
2025-06-17 21:58:39,449 - __main__ - INFO - Using database URL: postgresql+pg8000://postgres:fizril2001@localhost:5432/api_management
2025-06-17 21:58:39,660 - __main__ - INFO - Successfully connected to database
2025-06-17 21:58:39,660 - __main__ - INFO - Looking for alembic.ini at: C:\Users\user\Desktop\FYP Proto9\venv-fastapi\alembic.ini
2025-06-17 21:58:39,662 - __main__ - INFO - Starting migrations...
2025-06-17 21:58:39,662 - __main__ - INFO - Running discovered_endpoints table migration...
2025-06-17 22:08:18,900 - __main__ - INFO - Using database URL: postgresql+pg8000://postgres:fizril2001@localhost:5432/api_management
2025-06-17 22:08:19,003 - __main__ - INFO - Successfully connected to database
2025-06-17 22:08:19,004 - __main__ - INFO - Looking for alembic.ini at: C:\Users\user\Desktop\FYP Proto9\venv-fastapi\alembic.ini
2025-06-17 22:08:19,006 - __main__ - INFO - Starting migrations...
2025-06-17 22:08:19,006 - __main__ - INFO - Running discovered_endpoints table migration...
